\BOOKMARK [1][-]{section.1}{\376\377\000D\036\357\000\040\000l\000i\036\307\000u\000\040\000v\000\340\000\040\000t\000i\036\301\000n\000\040\000x\036\355\000\040\000l\000\375\000\040\000d\036\357\000\040\000l\000i\036\307\000u}{}% 1
\BOOKMARK [2][-]{subsection.1.1}{\376\377\000T\036\255\000p\000\040\000d\036\357\000\040\000l\000i\036\307\000u}{section.1}% 2
\BOOKMARK [3][-]{subsubsection.1.1.1}{\376\377\000T\036\255\000p\000\040\000d\036\357\000\040\000l\000i\036\307\000u\000\040\000F\000E\000R}{subsection.1.1}% 3
\BOOKMARK [3][-]{subsubsection.1.1.2}{\376\377\000T\036\255\000p\000\040\000d\036\357\000\040\000l\000i\036\307\000u\000\040\000F\000E\000R\000+}{subsection.1.1}% 4
\BOOKMARK [2][-]{subsection.1.2}{\376\377\000X\036\355\000\040\000l\000\375\000\040\000d\036\357\000\040\000l\000i\036\307\000u}{section.1}% 5
\BOOKMARK [1][-]{section.2}{\376\377\000P\000h\001\260\001\241\000n\000g\000\040\000p\000h\000\341\000p\000\040\000n\000h\036\255\000n\000\040\000d\036\241\000n\000g\000\040\000k\000h\000u\000\364\000n\000\040\000m\036\267\000t\000\040\000v\000\340\000\040\000c\036\243\000m\000\040\000x\000\372\000c}{}% 6
\BOOKMARK [2][-]{subsection.2.1}{\376\377\000N\000h\036\255\000n\000\040\000b\000i\036\277\000t\000\040\000k\000h\000u\000\364\000n\000\040\000m\036\267\000t}{section.2}% 7
\BOOKMARK [2][-]{subsection.2.2}{\376\377\000N\000h\036\255\000n\000\040\000d\036\241\000n\000g\000\040\000c\036\243\000m\000\040\000x\000\372\000c}{section.2}% 8
\BOOKMARK [3][-]{subsubsection.2.2.1}{\376\377\000M\000\364\000\040\000h\000\354\000n\000h\000\040\000D\000C\000N\000N}{subsection.2.2}% 9
\BOOKMARK [3][-]{subsubsection.2.2.2}{\376\377\000K\000i\036\277\000n\000\040\000t\000r\000\372\000c\000\040\000m\036\241\000n\000g}{subsection.2.2}% 10
\BOOKMARK [3][-]{subsubsection.2.2.3}{\376\377\000T\000i\036\277\000n\000\040\000h\000\340\000n\000h\000\040\000h\036\315\000c\000\040\000d\036\357\000\040\000l\000i\036\307\000u}{subsection.2.2}% 11
\BOOKMARK [3][-]{subsubsection.2.2.4}{\376\377\000H\000\340\000m\000\040\000m\036\245\000t\000\040\000m\000\341\000t}{subsection.2.2}% 12
\BOOKMARK [2][-]{subsection.2.3}{\376\377\000K\036\277\000t\000\040\000q\000u\036\243\000\040\000t\000h\036\361\000c\000\040\000n\000g\000h\000i\036\307\000m}{section.2}% 13
\BOOKMARK [1][-]{section.3}{\376\377\000L\001\260\000u\000\040\000t\000r\036\357\000\040\000d\036\357\000\040\000l\000i\036\307\000u\000\040\000c\036\243\000m\000\040\000x\000\372\000c\000\040\000c\036\347\000a\000\040\000k\000h\000\341\000c\000h\000\040\000h\000\340\000n\000g}{}% 14
\BOOKMARK [2][-]{subsection.3.1}{\376\377\000T\000h\000\364\000n\000g\000\040\000t\000i\000n\000\040\000l\001\260\000u\000\040\000t\000r\036\357}{section.3}% 15
\BOOKMARK [2][-]{subsection.3.2}{\376\377\000T\000i\036\301\000n\000\040\000x\036\355\000\040\000l\000\375\000\040\000d\036\357\000\040\000l\000i\036\307\000u\000\040\000l\001\260\000u\000\040\000t\000r\036\357}{section.3}% 16
\BOOKMARK [3][-]{subsubsection.3.2.1}{\376\377\000F\000a\000c\000e\000N\000e\000t}{subsection.3.2}% 17
\BOOKMARK [3][-]{subsubsection.3.2.2}{\376\377\000T\000r\000i\000p\000l\000e\000t\000\040\000l\000o\000s\000s}{subsection.3.2}% 18
\BOOKMARK [3][-]{subsubsection.3.2.3}{\376\377\000P\000r\000e\000t\000r\000a\000i\000n\000\040\000m\000o\000d\000e\000l\000\040\000F\000a\000c\000e\000n\000e\000t}{subsection.3.2}% 19
\BOOKMARK [2][-]{subsection.3.3}{\376\377\000N\036\301\000n\000\040\000t\036\243\000n\000g\000\040\000l\001\260\000u\000\040\000t\000r\036\357}{section.3}% 20
\BOOKMARK [2][-]{subsection.3.4}{\376\377\000B\000i\036\303\000u\000\040\001\021\036\323\000\040\000h\000o\000\341\000\040\000d\036\357\000\040\000l\000i\036\307\000u}{section.3}% 21
